[0.021s] Invoking command in '/home/janvi/yambot_ws/src/yambot/build/yambot': CMAKE_PREFIX_PATH=${CMAKE_PREFIX_PATH}:/opt/ros/humble /usr/bin/cmake /home/janvi/yambot_ws/src/yambot -DCMAKE_INSTALL_PREFIX=/home/janvi/yambot_ws/src/yambot/install/yambot
[0.520s] -- The C compiler identification is GNU 11.4.0
[0.853s] -- The CXX compiler identification is GNU 11.4.0
[0.884s] -- Detecting C compiler ABI info
[1.094s] -- Detecting C compiler ABI info - done
[1.110s] -- Check for working C compiler: /usr/bin/cc - skipped
[1.111s] -- Detecting C compile features
[1.115s] -- Detecting C compile features - done
[1.121s] -- Detecting CXX compiler ABI info
[1.307s] -- Detecting CXX compiler ABI info - done
[1.324s] -- Check for working CXX compiler: /usr/bin/c++ - skipped
[1.324s] -- Detecting CXX compile features
[1.326s] -- Detecting CXX compile features - done
[1.377s] -- Found ament_cmake: 1.3.10 (/opt/ros/humble/share/ament_cmake/cmake)
[1.607s] -- Found Python3: /usr/bin/python3 (found version "3.10.12") found components: Interpreter 
[1.757s] -- Found ament_lint_auto: 0.12.11 (/opt/ros/humble/share/ament_lint_auto/cmake)
[1.911s] -- Added test 'cppcheck' to perform static code analysis on C / C++ code
[1.911s] -- Configured cppcheck include dirs: 
[1.911s] -- Configured cppcheck exclude dirs and/or files: 
[1.911s] -- Added test 'flake8' to check Python code syntax and style conventions
[1.915s] -- Added test 'lint_cmake' to check CMake code style
[1.918s] -- Added test 'pep257' to check Python code against some of the docstring style conventions in PEP 257
[1.929s] -- Added test 'uncrustify' to check C / C++ code style
[1.929s] -- Configured uncrustify additional arguments: 
[1.931s] -- Added test 'xmllint' to check XML markup files
[1.933s] -- Configuring done
[1.940s] -- Generating done
[1.942s] -- Build files have been written to: /home/janvi/yambot_ws/src/yambot/build/yambot
[1.956s] Invoked command in '/home/janvi/yambot_ws/src/yambot/build/yambot' returned '0': CMAKE_PREFIX_PATH=${CMAKE_PREFIX_PATH}:/opt/ros/humble /usr/bin/cmake /home/janvi/yambot_ws/src/yambot -DCMAKE_INSTALL_PREFIX=/home/janvi/yambot_ws/src/yambot/install/yambot
[1.957s] Invoking command in '/home/janvi/yambot_ws/src/yambot/build/yambot': CMAKE_PREFIX_PATH=${CMAKE_PREFIX_PATH}:/opt/ros/humble /usr/bin/cmake --build /home/janvi/yambot_ws/src/yambot/build/yambot -- -j6 -l6
[2.041s] Invoked command in '/home/janvi/yambot_ws/src/yambot/build/yambot' returned '0': CMAKE_PREFIX_PATH=${CMAKE_PREFIX_PATH}:/opt/ros/humble /usr/bin/cmake --build /home/janvi/yambot_ws/src/yambot/build/yambot -- -j6 -l6
[2.158s] Invoking command in '/home/janvi/yambot_ws/src/yambot/build/yambot': CMAKE_PREFIX_PATH=${CMAKE_PREFIX_PATH}:/opt/ros/humble /usr/bin/cmake --install /home/janvi/yambot_ws/src/yambot/build/yambot
[2.175s] -- Install configuration: ""
[2.175s] -- Installing: /home/janvi/yambot_ws/src/yambot/install/yambot/share/yambot/launch
[2.176s] -- Installing: /home/janvi/yambot_ws/src/yambot/install/yambot/share/yambot/launch/spawn_robot.launch.py
[2.176s] -- Installing: /home/janvi/yambot_ws/src/yambot/install/yambot/share/yambot/launch/mobile_model.launch.py
[2.176s] -- Installing: /home/janvi/yambot_ws/src/yambot/install/yambot/share/yambot/launch/gazebo_model.launch.py
[2.177s] -- Installing: /home/janvi/yambot_ws/src/yambot/install/yambot/share/yambot/urdf
[2.177s] -- Installing: /home/janvi/yambot_ws/src/yambot/install/yambot/share/yambot/urdf/inertial_macros.xacro
[2.178s] -- Installing: /home/janvi/yambot_ws/src/yambot/install/yambot/share/yambot/urdf/gazebo_control.xacro
[2.178s] -- Installing: /home/janvi/yambot_ws/src/yambot/install/yambot/share/yambot/urdf/robot.urdf.xacro
[2.179s] -- Installing: /home/janvi/yambot_ws/src/yambot/install/yambot/share/yambot/urdf/test_robot.gazebo
[2.179s] -- Installing: /home/janvi/yambot_ws/src/yambot/install/yambot/share/yambot/urdf/materials.xacro
[2.179s] -- Installing: /home/janvi/yambot_ws/src/yambot/install/yambot/share/yambot/urdf/depth_camera.xacro
[2.179s] -- Installing: /home/janvi/yambot_ws/src/yambot/install/yambot/share/yambot/urdf/mobile_robot.gazebo
[2.180s] -- Installing: /home/janvi/yambot_ws/src/yambot/install/yambot/share/yambot/urdf/test_robot.xacro
[2.180s] -- Installing: /home/janvi/yambot_ws/src/yambot/install/yambot/share/yambot/urdf/gazebo_lidar.xacro
[2.180s] -- Installing: /home/janvi/yambot_ws/src/yambot/install/yambot/share/yambot/urdf/empty_world.world
[2.181s] -- Installing: /home/janvi/yambot_ws/src/yambot/install/yambot/share/yambot/urdf/meshes
[2.181s] -- Installing: /home/janvi/yambot_ws/src/yambot/install/yambot/share/yambot/urdf/meshes/pathfinder_chassis.stl
[2.185s] -- Installing: /home/janvi/yambot_ws/src/yambot/install/yambot/share/yambot/urdf/meshes/intel_realsense_D435.stl
[2.211s] -- Installing: /home/janvi/yambot_ws/src/yambot/install/yambot/share/yambot/urdf/mobile_robot.xacro
[2.213s] -- Installing: /home/janvi/yambot_ws/src/yambot/install/yambot/share/yambot/urdf/robot_core.xacro
[2.213s] -- Installing: /home/janvi/yambot_ws/src/yambot/install/yambot/share/yambot/urdf/my_robot.urdf
[2.213s] -- Installing: /home/janvi/yambot_ws/src/yambot/install/yambot/share/ament_index/resource_index/package_run_dependencies/yambot
[2.214s] -- Installing: /home/janvi/yambot_ws/src/yambot/install/yambot/share/ament_index/resource_index/parent_prefix_path/yambot
[2.214s] -- Installing: /home/janvi/yambot_ws/src/yambot/install/yambot/share/yambot/environment/ament_prefix_path.sh
[2.215s] -- Installing: /home/janvi/yambot_ws/src/yambot/install/yambot/share/yambot/environment/ament_prefix_path.dsv
[2.215s] -- Installing: /home/janvi/yambot_ws/src/yambot/install/yambot/share/yambot/environment/path.sh
[2.215s] -- Installing: /home/janvi/yambot_ws/src/yambot/install/yambot/share/yambot/environment/path.dsv
[2.217s] -- Installing: /home/janvi/yambot_ws/src/yambot/install/yambot/share/yambot/local_setup.bash
[2.217s] -- Installing: /home/janvi/yambot_ws/src/yambot/install/yambot/share/yambot/local_setup.sh
[2.217s] -- Installing: /home/janvi/yambot_ws/src/yambot/install/yambot/share/yambot/local_setup.zsh
[2.218s] -- Installing: /home/janvi/yambot_ws/src/yambot/install/yambot/share/yambot/local_setup.dsv
[2.219s] -- Installing: /home/janvi/yambot_ws/src/yambot/install/yambot/share/yambot/package.dsv
[2.220s] -- Installing: /home/janvi/yambot_ws/src/yambot/install/yambot/share/ament_index/resource_index/packages/yambot
[2.220s] -- Installing: /home/janvi/yambot_ws/src/yambot/install/yambot/share/yambot/cmake/yambotConfig.cmake
[2.220s] -- Installing: /home/janvi/yambot_ws/src/yambot/install/yambot/share/yambot/cmake/yambotConfig-version.cmake
[2.220s] -- Installing: /home/janvi/yambot_ws/src/yambot/install/yambot/share/yambot/package.xml
[2.221s] Invoked command in '/home/janvi/yambot_ws/src/yambot/build/yambot' returned '0': CMAKE_PREFIX_PATH=${CMAKE_PREFIX_PATH}:/opt/ros/humble /usr/bin/cmake --install /home/janvi/yambot_ws/src/yambot/build/yambot
